Using pre-set license
Built from '2021.3/staging' branch; Version is '2021.3.11f1 (0a5ca18544bf) revision 679073'; Using compiler version '192829333'; Build Type 'Release'
OS: 'Windows 11  (10.0.22000) 64bit Professional' Language: 'en' Physical Memory: 24533 MB
BatchMode: 1, IsHumanControllingUs: 0, StartBugReporterOnCrash: 0, Is64bit: 1, IsPro: 1

COMMAND LINE ARGUMENTS:
C:\Program Files\Unity\Hub\Editor\2021.3.11f1\Editor\Unity.exe
-adb2
-batchMode
-noUpm
-name
AssetImportWorker0
-projectPath
C:/Users/Affan/NextGenHero/NextGenHero
-logFile
Logs/AssetImportWorker0.log
-srvPort
58854
Successfully changed project path to: C:/Users/Affan/NextGenHero/NextGenHero
C:/Users/Affan/NextGenHero/NextGenHero
[UnityMemory] Configuration Parameters - Can be set up in boot.config
    "memorysetup-bucket-allocator-granularity=16"
    "memorysetup-bucket-allocator-bucket-count=8"
    "memorysetup-bucket-allocator-block-size=33554432"
    "memorysetup-bucket-allocator-block-count=8"
    "memorysetup-main-allocator-block-size=16777216"
    "memorysetup-thread-allocator-block-size=16777216"
    "memorysetup-gfx-main-allocator-block-size=16777216"
    "memorysetup-gfx-thread-allocator-block-size=16777216"
    "memorysetup-cache-allocator-block-size=4194304"
    "memorysetup-typetree-allocator-block-size=2097152"
    "memorysetup-profiler-bucket-allocator-granularity=16"
    "memorysetup-profiler-bucket-allocator-bucket-count=8"
    "memorysetup-profiler-bucket-allocator-block-size=33554432"
    "memorysetup-profiler-bucket-allocator-block-count=8"
    "memorysetup-profiler-allocator-block-size=16777216"
    "memorysetup-profiler-editor-allocator-block-size=1048576"
    "memorysetup-temp-allocator-size-main=16777216"
    "memorysetup-job-temp-allocator-block-size=2097152"
    "memorysetup-job-temp-allocator-block-size-background=1048576"
    "memorysetup-job-temp-allocator-reduction-small-platforms=262144"
    "memorysetup-temp-allocator-size-background-worker=32768"
    "memorysetup-temp-allocator-size-job-worker=262144"
    "memorysetup-temp-allocator-size-preload-manager=33554432"
    "memorysetup-temp-allocator-size-nav-mesh-worker=65536"
    "memorysetup-temp-allocator-size-audio-worker=65536"
    "memorysetup-temp-allocator-size-cloud-worker=32768"
    "memorysetup-temp-allocator-size-gi-baking-worker=262144"
    "memorysetup-temp-allocator-size-gfx=262144"
Refreshing native plugins compatible for Editor in 196.89 ms, found 4 plugins.
Preloading 0 native plugins for Editor in 0.00 ms.
Initialize engine version: 2021.3.11f1 (0a5ca18544bf)
[Subsystems] Discovering subsystems at path C:/Program Files/Unity/Hub/Editor/2021.3.11f1/Editor/Data/Resources/UnitySubsystems
[Subsystems] Discovering subsystems at path C:/Users/Affan/NextGenHero/NextGenHero/Assets
GfxDevice: creating device client; threaded=0; jobified=0
Direct3D:
    Version:  Direct3D 11.0 [level 11.0]
    Renderer: NVIDIA Quadro 2000 (ID=0xdd8)
    Vendor:   NVIDIA
    VRAM:     979 MB
    Driver:   21.21.13.7783
Initialize mono
Mono path[0] = 'C:/Program Files/Unity/Hub/Editor/2021.3.11f1/Editor/Data/Managed'
Mono path[1] = 'C:/Program Files/Unity/Hub/Editor/2021.3.11f1/Editor/Data/MonoBleedingEdge/lib/mono/unityjit-win32'
Mono config path = 'C:/Program Files/Unity/Hub/Editor/2021.3.11f1/Editor/Data/MonoBleedingEdge/etc'
Using monoOptions --debugger-agent=transport=dt_socket,embedding=1,server=y,suspend=n,address=127.0.0.1:56120
Begin MonoManager ReloadAssembly
Registering precompiled unity dll's ...
Register platform support module: C:/Program Files/Unity/Hub/Editor/2021.3.11f1/Editor/Data/PlaybackEngines/WebGLSupport/UnityEditor.WebGL.Extensions.dll
Register platform support module: C:/Program Files/Unity/Hub/Editor/2021.3.11f1/Editor/Data/PlaybackEngines/WindowsStandaloneSupport/UnityEditor.WindowsStandalone.Extensions.dll
Registered in 0.013542 seconds.
Native extension for WindowsStandalone target not found
Native extension for WebGL target not found
Refreshing native plugins compatible for Editor in 188.74 ms, found 4 plugins.
Preloading 0 native plugins for Editor in 0.00 ms.
Mono: successfully reloaded assembly
- Completed reload, in  1.383 seconds
Domain Reload Profiling:
	ReloadAssembly (1384ms)
		BeginReloadAssembly (150ms)
			ExecutionOrderSort (0ms)
			DisableScriptedObjects (0ms)
			BackupInstance (0ms)
			ReleaseScriptingObjects (0ms)
			CreateAndSetChildDomain (2ms)
		EndReloadAssembly (998ms)
			LoadAssemblies (146ms)
			RebuildTransferFunctionScriptingTraits (0ms)
			SetupTypeCache (217ms)
			ReleaseScriptCaches (0ms)
			RebuildScriptCaches (65ms)
			SetupLoadedEditorAssemblies (606ms)
				LogAssemblyErrors (0ms)
				InitializePlatformSupportModulesInManaged (18ms)
				SetLoadedEditorAssemblies (0ms)
				RefreshPlugins (189ms)
				BeforeProcessingInitializeOnLoad (3ms)
				ProcessInitializeOnLoadAttributes (298ms)
				ProcessInitializeOnLoadMethodAttributes (98ms)
				AfterProcessingInitializeOnLoad (0ms)
				EditorAssembliesLoaded (0ms)
			ExecutionOrderSort2 (0ms)
			AwakeInstancesAfterBackupRestoration (0ms)
Platform modules already initialized, skipping
Registering precompiled user dll's ...
Registered in 0.017311 seconds.
Begin MonoManager ReloadAssembly
Symbol file LoadedFromMemory doesn't match image C:\Users\Affan\NextGenHero\NextGenHero\Library\PackageCache\com.unity.visualscripting@1.7.8\Editor\VisualScripting.Core\Dependencies\YamlDotNet\Unity.VisualScripting.YamlDotNet.dll
Symbol file LoadedFromMemory doesn't match image C:\Users\Affan\NextGenHero\NextGenHero\Library\PackageCache\com.unity.visualscripting@1.7.8\Editor\VisualScripting.Core\Dependencies\DotNetZip\Unity.VisualScripting.IonicZip.dll
Native extension for WindowsStandalone target not found
Native extension for WebGL target not found
Refreshing native plugins compatible for Editor in 191.86 ms, found 4 plugins.
Preloading 0 native plugins for Editor in 0.00 ms.
Mono: successfully reloaded assembly
- Completed reload, in  2.434 seconds
Domain Reload Profiling:
	ReloadAssembly (2436ms)
		BeginReloadAssembly (232ms)
			ExecutionOrderSort (0ms)
			DisableScriptedObjects (13ms)
			BackupInstance (0ms)
			ReleaseScriptingObjects (0ms)
			CreateAndSetChildDomain (41ms)
		EndReloadAssembly (1951ms)
			LoadAssemblies (170ms)
			RebuildTransferFunctionScriptingTraits (0ms)
			SetupTypeCache (514ms)
			ReleaseScriptCaches (1ms)
			RebuildScriptCaches (119ms)
			SetupLoadedEditorAssemblies (1047ms)
				LogAssemblyErrors (0ms)
				InitializePlatformSupportModulesInManaged (11ms)
				SetLoadedEditorAssemblies (0ms)
				RefreshPlugins (192ms)
				BeforeProcessingInitializeOnLoad (209ms)
				ProcessInitializeOnLoadAttributes (525ms)
				ProcessInitializeOnLoadMethodAttributes (94ms)
				AfterProcessingInitializeOnLoad (15ms)
				EditorAssembliesLoaded (0ms)
			ExecutionOrderSort2 (0ms)
			AwakeInstancesAfterBackupRestoration (15ms)
Platform modules already initialized, skipping
========================================================================
Worker process is ready to serve import requests
Launched and connected shader compiler UnityShaderCompiler.exe after 0.09 seconds
Refreshing native plugins compatible for Editor in 1.57 ms, found 4 plugins.
Preloading 0 native plugins for Editor in 0.00 ms.
Unloading 4068 Unused Serialized files (Serialized files now loaded: 0)
Unloading 44 unused Assets / (229.3 KB). Loaded Objects now: 4518.
Memory consumption went from 151.4 MB to 151.1 MB.
Total: 7.163500 ms (FindLiveObjects: 0.526800 ms CreateObjectMapping: 0.309500 ms MarkObjects: 6.026200 ms  DeleteObjects: 0.299100 ms)

AssetImportParameters requested are different than current active one (requested -> active):
  custom:video-decoder-ogg-theora: a1e56fd34408186e4bbccfd4996cb3dc -> 
  custom:container-muxer-webm: aa71ff27fc2769a1b78a27578f13a17b -> 
  custom:container-demuxer-webm: 4f35f7cbe854078d1ac9338744f61a02 -> 
  custom:video-encoder-webm-vp8: eb34c28f22e8b96e1ab97ce403110664 -> 
  custom:audio-encoder-webm-vorbis: bf7c407c2cedff20999df2af8eb42d56 -> 
  custom:framework-win-MediaFoundation: 216162199b28c13a410421893ffa2e32 -> 
  custom:container-demuxer-ogg: 62fdf1f143b41e24485cea50d1cbac27 -> 
  custom:video-decoder-webm-vp8: 9c59270c3fd7afecdb556c50c9e8de78 -> 
  custom:audio-decoder-ogg-vorbis: bf7c407c2cedff20999df2af8eb42d56 -> 
========================================================================
Received Import Request.
  Time since last request: 611815.702242 seconds.
  path: Assets/Egg.png
  artifactKey: Guid(25b8315cf8b85534b854ae0ee39d3290) Importer(815301076,1909f56bfc062723c751e8b465ee728b)
Start importing Assets/Egg.png using Guid(25b8315cf8b85534b854ae0ee39d3290) Importer(815301076,1909f56bfc062723c751e8b465ee728b)  -> (artifact id: 'eaba50f4dcf19666771c2bcc93678b87') in 0.222900 seconds 
========================================================================
Received Import Request.
  Time since last request: 0.486679 seconds.
  path: Assets/Egg.prefab
  artifactKey: Guid(9ef6d56f630a976419ec7c5a4142785a) Importer(815301076,1909f56bfc062723c751e8b465ee728b)
Start importing Assets/Egg.prefab using Guid(9ef6d56f630a976419ec7c5a4142785a) Importer(815301076,1909f56bfc062723c751e8b465ee728b)  -> (artifact id: 'eca870e92372d7cfc6a0801341661cef') in 0.031605 seconds 
========================================================================
Received Import Request.
  Time since last request: 7.254851 seconds.
  path: Assets/Manager.prefab
  artifactKey: Guid(9639395f204ffb940b20171017aa7cbb) Importer(815301076,1909f56bfc062723c751e8b465ee728b)
Start importing Assets/Manager.prefab using Guid(9639395f204ffb940b20171017aa7cbb) Importer(815301076,1909f56bfc062723c751e8b465ee728b)  -> (artifact id: '649b4a1a3332392aac3e096100dd37ea') in 0.015007 seconds 
========================================================================
Received Import Request.
  Time since last request: 1.303822 seconds.
  path: Assets/Plane.png
  artifactKey: Guid(d6020ceec56e3534880f6e25f3e46469) Importer(815301076,1909f56bfc062723c751e8b465ee728b)
Start importing Assets/Plane.png using Guid(d6020ceec56e3534880f6e25f3e46469) Importer(815301076,1909f56bfc062723c751e8b465ee728b)  -> (artifact id: '6420e50433ad9f5eb3152a2518a77ed2') in 0.033072 seconds 
========================================================================
Received Import Request.
  Time since last request: 1.177759 seconds.
  path: Assets/Plane.prefab
  artifactKey: Guid(28e53410051ee414cbc020b0a51f54e2) Importer(815301076,1909f56bfc062723c751e8b465ee728b)
Start importing Assets/Plane.prefab using Guid(28e53410051ee414cbc020b0a51f54e2) Importer(815301076,1909f56bfc062723c751e8b465ee728b)  -> (artifact id: 'db3793ebd41457ab5715ac65cdda9dce') in 0.010345 seconds 
========================================================================
Received Prepare
Registering precompiled user dll's ...
Registered in 0.016869 seconds.
Begin MonoManager ReloadAssembly
Symbol file LoadedFromMemory doesn't match image C:\Users\Affan\NextGenHero\NextGenHero\Library\PackageCache\com.unity.visualscripting@1.7.8\Editor\VisualScripting.Core\Dependencies\YamlDotNet\Unity.VisualScripting.YamlDotNet.dll
Symbol file LoadedFromMemory doesn't match image C:\Users\Affan\NextGenHero\NextGenHero\Library\PackageCache\com.unity.visualscripting@1.7.8\Editor\VisualScripting.Core\Dependencies\DotNetZip\Unity.VisualScripting.IonicZip.dll
Native extension for WindowsStandalone target not found
Native extension for WebGL target not found
Refreshing native plugins compatible for Editor in 1.63 ms, found 4 plugins.
Preloading 0 native plugins for Editor in 0.00 ms.
Mono: successfully reloaded assembly
- Completed reload, in  2.130 seconds
Domain Reload Profiling:
	ReloadAssembly (2131ms)
		BeginReloadAssembly (256ms)
			ExecutionOrderSort (0ms)
			DisableScriptedObjects (14ms)
			BackupInstance (0ms)
			ReleaseScriptingObjects (0ms)
			CreateAndSetChildDomain (75ms)
		EndReloadAssembly (1665ms)
			LoadAssemblies (171ms)
			RebuildTransferFunctionScriptingTraits (0ms)
			SetupTypeCache (499ms)
			ReleaseScriptCaches (2ms)
			RebuildScriptCaches (102ms)
			SetupLoadedEditorAssemblies (772ms)
				LogAssemblyErrors (0ms)
				InitializePlatformSupportModulesInManaged (28ms)
				SetLoadedEditorAssemblies (1ms)
				RefreshPlugins (2ms)
				BeforeProcessingInitializeOnLoad (171ms)
				ProcessInitializeOnLoadAttributes (468ms)
				ProcessInitializeOnLoadMethodAttributes (86ms)
				AfterProcessingInitializeOnLoad (16ms)
				EditorAssembliesLoaded (0ms)
			ExecutionOrderSort2 (0ms)
			AwakeInstancesAfterBackupRestoration (21ms)
Platform modules already initialized, skipping
Script is not up to date after domain reload: guid(172635457bb465a43b0f731ea6fa1a86) path("Assets/planeScript.cs") state(2)
Refreshing native plugins compatible for Editor in 6.10 ms, found 4 plugins.
Preloading 0 native plugins for Editor in 0.00 ms.
Unloading 4066 Unused Serialized files (Serialized files now loaded: 0)
Unloading 31 unused Assets / (195.8 KB). Loaded Objects now: 4534.
Memory consumption went from 155.8 MB to 155.6 MB.
Total: 6.426700 ms (FindLiveObjects: 0.482400 ms CreateObjectMapping: 0.247700 ms MarkObjects: 5.412100 ms  DeleteObjects: 0.282700 ms)

AssetImportParameters requested are different than current active one (requested -> active):
  custom:video-decoder-ogg-theora: a1e56fd34408186e4bbccfd4996cb3dc -> 
  custom:container-muxer-webm: aa71ff27fc2769a1b78a27578f13a17b -> 
  custom:container-demuxer-webm: 4f35f7cbe854078d1ac9338744f61a02 -> 
  custom:video-encoder-webm-vp8: eb34c28f22e8b96e1ab97ce403110664 -> 
  custom:audio-encoder-webm-vorbis: bf7c407c2cedff20999df2af8eb42d56 -> 
  custom:framework-win-MediaFoundation: 216162199b28c13a410421893ffa2e32 -> 
  custom:container-demuxer-ogg: 62fdf1f143b41e24485cea50d1cbac27 -> 
  custom:video-decoder-webm-vp8: 9c59270c3fd7afecdb556c50c9e8de78 -> 
  custom:audio-decoder-ogg-vorbis: bf7c407c2cedff20999df2af8eb42d56 -> 
========================================================================
Received Prepare
Registering precompiled user dll's ...
Registered in 0.015430 seconds.
Begin MonoManager ReloadAssembly
Symbol file LoadedFromMemory doesn't match image C:\Users\Affan\NextGenHero\NextGenHero\Library\PackageCache\com.unity.visualscripting@1.7.8\Editor\VisualScripting.Core\Dependencies\YamlDotNet\Unity.VisualScripting.YamlDotNet.dll
Symbol file LoadedFromMemory doesn't match image C:\Users\Affan\NextGenHero\NextGenHero\Library\PackageCache\com.unity.visualscripting@1.7.8\Editor\VisualScripting.Core\Dependencies\DotNetZip\Unity.VisualScripting.IonicZip.dll
Native extension for WindowsStandalone target not found
Native extension for WebGL target not found
Refreshing native plugins compatible for Editor in 1.65 ms, found 4 plugins.
Preloading 0 native plugins for Editor in 0.00 ms.
Mono: successfully reloaded assembly
- Completed reload, in  2.114 seconds
Domain Reload Profiling:
	ReloadAssembly (2115ms)
		BeginReloadAssembly (259ms)
			ExecutionOrderSort (0ms)
			DisableScriptedObjects (17ms)
			BackupInstance (0ms)
			ReleaseScriptingObjects (0ms)
			CreateAndSetChildDomain (71ms)
		EndReloadAssembly (1642ms)
			LoadAssemblies (176ms)
			RebuildTransferFunctionScriptingTraits (0ms)
			SetupTypeCache (501ms)
			ReleaseScriptCaches (2ms)
			RebuildScriptCaches (97ms)
			SetupLoadedEditorAssemblies (755ms)
				LogAssemblyErrors (0ms)
				InitializePlatformSupportModulesInManaged (29ms)
				SetLoadedEditorAssemblies (1ms)
				RefreshPlugins (2ms)
				BeforeProcessingInitializeOnLoad (169ms)
				ProcessInitializeOnLoadAttributes (458ms)
				ProcessInitializeOnLoadMethodAttributes (82ms)
				AfterProcessingInitializeOnLoad (14ms)
				EditorAssembliesLoaded (0ms)
			ExecutionOrderSort2 (0ms)
			AwakeInstancesAfterBackupRestoration (20ms)
Platform modules already initialized, skipping
Refreshing native plugins compatible for Editor in 5.63 ms, found 4 plugins.
Preloading 0 native plugins for Editor in 0.00 ms.
Unloading 4067 Unused Serialized files (Serialized files now loaded: 0)
Unloading 31 unused Assets / (195.8 KB). Loaded Objects now: 4538.
Memory consumption went from 155.8 MB to 155.6 MB.
Total: 6.719000 ms (FindLiveObjects: 0.445500 ms CreateObjectMapping: 0.243800 ms MarkObjects: 5.752700 ms  DeleteObjects: 0.275200 ms)

AssetImportParameters requested are different than current active one (requested -> active):
  custom:video-decoder-ogg-theora: a1e56fd34408186e4bbccfd4996cb3dc -> 
  custom:container-muxer-webm: aa71ff27fc2769a1b78a27578f13a17b -> 
  custom:container-demuxer-webm: 4f35f7cbe854078d1ac9338744f61a02 -> 
  custom:video-encoder-webm-vp8: eb34c28f22e8b96e1ab97ce403110664 -> 
  custom:audio-encoder-webm-vorbis: bf7c407c2cedff20999df2af8eb42d56 -> 
  custom:framework-win-MediaFoundation: 216162199b28c13a410421893ffa2e32 -> 
  custom:container-demuxer-ogg: 62fdf1f143b41e24485cea50d1cbac27 -> 
  custom:video-decoder-webm-vp8: 9c59270c3fd7afecdb556c50c9e8de78 -> 
  custom:audio-decoder-ogg-vorbis: bf7c407c2cedff20999df2af8eb42d56 -> 
========================================================================
Received Import Request.
  Time since last request: 98.681820 seconds.
  path: Assets/Egg.prefab
  artifactKey: Guid(9ef6d56f630a976419ec7c5a4142785a) Importer(815301076,1909f56bfc062723c751e8b465ee728b)
Start importing Assets/Egg.prefab using Guid(9ef6d56f630a976419ec7c5a4142785a) Importer(815301076,1909f56bfc062723c751e8b465ee728b)  -> (artifact id: 'ca562f89feba1017a7248272717fc1dc') in 0.071180 seconds 
========================================================================
Received Import Request.
  Time since last request: 87.061792 seconds.
  path: Assets/Egg.prefab
  artifactKey: Guid(9ef6d56f630a976419ec7c5a4142785a) Importer(815301076,1909f56bfc062723c751e8b465ee728b)
Start importing Assets/Egg.prefab using Guid(9ef6d56f630a976419ec7c5a4142785a) Importer(815301076,1909f56bfc062723c751e8b465ee728b)  -> (artifact id: 'a5fa248d73a129785a459bc410b4c898') in 0.144443 seconds 
========================================================================
Received Import Request.
  Time since last request: 2.865477 seconds.
  path: Assets/Egg.prefab
  artifactKey: Guid(9ef6d56f630a976419ec7c5a4142785a) Importer(815301076,1909f56bfc062723c751e8b465ee728b)
Start importing Assets/Egg.prefab using Guid(9ef6d56f630a976419ec7c5a4142785a) Importer(815301076,1909f56bfc062723c751e8b465ee728b)  -> (artifact id: '11517de1cd12a71325ed4b8967c76eb0') in 0.024421 seconds 
========================================================================
Received Import Request.
  Time since last request: 1.584130 seconds.
  path: Assets/Egg.prefab
  artifactKey: Guid(9ef6d56f630a976419ec7c5a4142785a) Importer(815301076,1909f56bfc062723c751e8b465ee728b)
Start importing Assets/Egg.prefab using Guid(9ef6d56f630a976419ec7c5a4142785a) Importer(815301076,1909f56bfc062723c751e8b465ee728b)  -> (artifact id: '8b113225343ed77ab65ae0105c9a60bd') in 0.022591 seconds 
========================================================================
Received Import Request.
  Time since last request: 3.007345 seconds.
  path: Assets/Egg.prefab
  artifactKey: Guid(9ef6d56f630a976419ec7c5a4142785a) Importer(815301076,1909f56bfc062723c751e8b465ee728b)
Start importing Assets/Egg.prefab using Guid(9ef6d56f630a976419ec7c5a4142785a) Importer(815301076,1909f56bfc062723c751e8b465ee728b)  -> (artifact id: 'aa6115d7a70292abcf6391e5e1754b94') in 0.021087 seconds 
========================================================================
Received Import Request.
  Time since last request: 6.485353 seconds.
  path: Assets/Hero.prefab
  artifactKey: Guid(939920025e2044542a75f4ffa7f5fdcc) Importer(815301076,1909f56bfc062723c751e8b465ee728b)
Start importing Assets/Hero.prefab using Guid(939920025e2044542a75f4ffa7f5fdcc) Importer(815301076,1909f56bfc062723c751e8b465ee728b)  -> (artifact id: '1da553f532b068f392ce4d107e9f66c0') in 0.015928 seconds 
========================================================================
Received Import Request.
  Time since last request: 16.387221 seconds.
  path: Assets/Hero.prefab
  artifactKey: Guid(939920025e2044542a75f4ffa7f5fdcc) Importer(815301076,1909f56bfc062723c751e8b465ee728b)
Start importing Assets/Hero.prefab using Guid(939920025e2044542a75f4ffa7f5fdcc) Importer(815301076,1909f56bfc062723c751e8b465ee728b)  -> (artifact id: 'c035a0d5a1a99bd5b2c681776d0d7fb2') in 0.011454 seconds 
========================================================================
Received Import Request.
  Time since last request: 17.786221 seconds.
  path: Assets/Hero.prefab
  artifactKey: Guid(939920025e2044542a75f4ffa7f5fdcc) Importer(815301076,1909f56bfc062723c751e8b465ee728b)
Start importing Assets/Hero.prefab using Guid(939920025e2044542a75f4ffa7f5fdcc) Importer(815301076,1909f56bfc062723c751e8b465ee728b)  -> (artifact id: '5e76da6b03d477befe6bc29c6b548223') in 0.010745 seconds 
========================================================================
Received Import Request.
  Time since last request: 321.560730 seconds.
  path: Assets/Hero.prefab
  artifactKey: Guid(939920025e2044542a75f4ffa7f5fdcc) Importer(815301076,1909f56bfc062723c751e8b465ee728b)
Start importing Assets/Hero.prefab using Guid(939920025e2044542a75f4ffa7f5fdcc) Importer(815301076,1909f56bfc062723c751e8b465ee728b)  -> (artifact id: '178fb6f86712d3411d61d16c44a7de0a') in 0.021788 seconds 
========================================================================
Received Import Request.
  Time since last request: 2.763405 seconds.
  path: Assets/Hero.prefab
  artifactKey: Guid(939920025e2044542a75f4ffa7f5fdcc) Importer(815301076,1909f56bfc062723c751e8b465ee728b)
Start importing Assets/Hero.prefab using Guid(939920025e2044542a75f4ffa7f5fdcc) Importer(815301076,1909f56bfc062723c751e8b465ee728b)  -> (artifact id: 'dea43f12310159a85aa1f0fb6bfc6852') in 0.018105 seconds 
========================================================================
Received Import Request.
  Time since last request: 8.709558 seconds.
  path: Assets/Hero.prefab
  artifactKey: Guid(939920025e2044542a75f4ffa7f5fdcc) Importer(815301076,1909f56bfc062723c751e8b465ee728b)
Start importing Assets/Hero.prefab using Guid(939920025e2044542a75f4ffa7f5fdcc) Importer(815301076,1909f56bfc062723c751e8b465ee728b)  -> (artifact id: '564a8f01cc9a58b23d8397b4d8a8a1ff') in 0.020310 seconds 
========================================================================
Received Import Request.
  Time since last request: 1.924464 seconds.
  path: Assets/HeroScript.cs
  artifactKey: Guid(ec383f9121cbed64a8d62d4a76e4a690) Importer(815301076,1909f56bfc062723c751e8b465ee728b)
Start importing Assets/HeroScript.cs using Guid(ec383f9121cbed64a8d62d4a76e4a690) Importer(815301076,1909f56bfc062723c751e8b465ee728b)  -> (artifact id: '94376e0a1af72dba89a309a81b3f1524') in 0.024498 seconds 
========================================================================
Received Import Request.
  Time since last request: 16.372867 seconds.
  path: Assets/Hero.prefab
  artifactKey: Guid(939920025e2044542a75f4ffa7f5fdcc) Importer(815301076,1909f56bfc062723c751e8b465ee728b)
Start importing Assets/Hero.prefab using Guid(939920025e2044542a75f4ffa7f5fdcc) Importer(815301076,1909f56bfc062723c751e8b465ee728b)  -> (artifact id: 'c0c3d92d47bfd4f8cbfb086d591d7e93') in 0.017774 seconds 
========================================================================
Received Import Request.
  Time since last request: 1.394434 seconds.
  path: Assets/Hero.prefab
  artifactKey: Guid(939920025e2044542a75f4ffa7f5fdcc) Importer(815301076,1909f56bfc062723c751e8b465ee728b)
Start importing Assets/Hero.prefab using Guid(939920025e2044542a75f4ffa7f5fdcc) Importer(815301076,1909f56bfc062723c751e8b465ee728b)  -> (artifact id: '6db38f3fd54c739daefa34c8b10f18ce') in 0.024640 seconds 
========================================================================
Received Import Request.
  Time since last request: 2.444651 seconds.
  path: Assets/Hero.prefab
  artifactKey: Guid(939920025e2044542a75f4ffa7f5fdcc) Importer(815301076,1909f56bfc062723c751e8b465ee728b)
Start importing Assets/Hero.prefab using Guid(939920025e2044542a75f4ffa7f5fdcc) Importer(815301076,1909f56bfc062723c751e8b465ee728b)  -> (artifact id: '57fca4b0bd93f6a62288be300c42aaa3') in 0.027329 seconds 
========================================================================
Received Import Request.
  Time since last request: 30.171808 seconds.
  path: Assets/Hero.prefab
  artifactKey: Guid(939920025e2044542a75f4ffa7f5fdcc) Importer(815301076,1909f56bfc062723c751e8b465ee728b)
Start importing Assets/Hero.prefab using Guid(939920025e2044542a75f4ffa7f5fdcc) Importer(815301076,1909f56bfc062723c751e8b465ee728b)  -> (artifact id: '93dcba6af9ef8d6fae9726fa44eaedf6') in 0.026929 seconds 
========================================================================
Received Import Request.
  Time since last request: 4.644255 seconds.
  path: Assets/Egg.prefab
  artifactKey: Guid(9ef6d56f630a976419ec7c5a4142785a) Importer(815301076,1909f56bfc062723c751e8b465ee728b)
Start importing Assets/Egg.prefab using Guid(9ef6d56f630a976419ec7c5a4142785a) Importer(815301076,1909f56bfc062723c751e8b465ee728b)  -> (artifact id: 'fb6c12bc2fc3b9869fd93071a0388c02') in 0.023430 seconds 
